🌅 [2026-02-26 04:03:20] Starting daily automation...
[dotenv@17.3.1] injecting env (3) from .env.local -- tip: ⚙️  write to custom object with { processEnv: myObject }
🌅 Starting daily automation...
⏰ 26/02/2026, 04:03:21

📊 Task 1/2: Search Console data pull
⚠️  Skipping (not implemented yet)

📝 Task 2/2: Content generation
🚀 Daily Content Generator
📅 quinta-feira, 26 de fevereiro de 2026

📚 Existing articles: 22

📝 Generating 3 new articles...

✍️  Generating article for: "golpe do falso funcionário do banco"
✅ Article generated: "Golpe do Falso Funcionário de Banco: Saiba como Se Proteger"
✅ Saved: /Users/vladnikolaev/Code/vovo/posts/golpe-do-falso-funcionario-do-banco.md

✍️  Generating article for: "golpe do empréstimo falso"
✅ Article generated: "Golpe do Empréstimo Falso: Como se Proteger"
✅ Saved: /Users/vladnikolaev/Code/vovo/posts/golpe-do-emprestimo-falso.md

✍️  Generating article for: "como saber se meu cartão foi clonado"
✅ Article generated: "Sinais de Cartão Clonado: Como Se Proteger"
✅ Saved: /Users/vladnikolaev/Code/vovo/posts/como-saber-se-meu-cartao-foi-clonado.md

✅ Daily content generation complete!
💾 Report saved: /Users/vladnikolaev/Code/vovo/automation/data/reports/2026-02-26.json

✅ Daily automation complete!
🤖 Vovó Daily Report - 2026-02-26

✅ SUCCESS

📝 Content Generation: success
📄 Articles Created: 3
📊 Search Console: skipped (not implemented)

---
Log: automation/data/reports/cron-2026-02-26.log
