🌅 [2026-03-05 04:00:05] Starting daily automation...
[dotenv@17.3.1] injecting env (3) from .env.local -- tip: 🛡️ auth for agents: https://vestauth.com
🌅 Starting daily automation...
⏰ 05/03/2026, 04:00:06

📊 Task 1/2: Search Console data pull
⚠️  Skipping (not implemented yet)

📝 Task 2/2: Content generation
🚀 Daily Content Generator
📅 quinta-feira, 5 de março de 2026

📚 Existing articles: 22

📝 Generating 3 new articles...

✍️  Generating article for: "golpe do falso funcionário do banco"
✅ Article generated: "Golpe do Falso Funcionário de Banco: Como se Proteger"
✅ Saved: /Users/vladnikolaev/Code/vovo/posts/golpe-do-falso-funcionario-do-banco.md

✍️  Generating article for: "golpe do empréstimo falso"
✅ Article generated: "Golpe do Empréstimo Falso: Como Se Proteger"
✅ Saved: /Users/vladnikolaev/Code/vovo/posts/golpe-do-emprestimo-falso.md

✍️  Generating article for: "como saber se meu cartão foi clonado"
✅ Article generated: "Cartão Clonado: Sinais e Dicas para Proteger-se"
✅ Saved: /Users/vladnikolaev/Code/vovo/posts/como-saber-se-meu-cartao-foi-clonado.md

✅ Daily content generation complete!
💾 Report saved: /Users/vladnikolaev/Code/vovo/automation/data/reports/2026-03-05.json

✅ Daily automation complete!
🤖 Vovó Daily Report - 2026-03-05

✅ SUCCESS

📝 Content Generation: success
📄 Articles Created: 3
📊 Search Console: skipped (not implemented)

---
Log: automation/data/reports/cron-2026-03-05.log
